<?xml version="1.0" encoding="UTF-8"?>
<testsuite xmlns:xsi="http://www.w3.org/2001/XMLSchema-instance" xsi:noNamespaceSchemaLocation="https://maven.apache.org/surefire/maven-surefire-plugin/xsd/surefire-test-report-3.0.xsd" version="3.0" name="project4.ArrayQueueTest" time="0.122" tests="18" errors="0" skipped="0" failures="0">
  <properties>
    <property name="java.specification.version" value="20"/>
    <property name="sun.cpu.isalist" value="amd64"/>
    <property name="sun.jnu.encoding" value="Cp1252"/>
    <property name="java.class.path" value="C:\Users\Anderson\Java Data Struct\Project4\p4\target\test-classes;C:\Users\Anderson\Java Data Struct\Project4\p4\target\classes;C:\Users\Anderson\.m2\repository\org\junit\jupiter\junit-jupiter-engine\5.2.0\junit-jupiter-engine-5.2.0.jar;C:\Users\Anderson\.m2\repository\org\apiguardian\apiguardian-api\1.0.0\apiguardian-api-1.0.0.jar;C:\Users\Anderson\.m2\repository\org\junit\platform\junit-platform-engine\1.2.0\junit-platform-engine-1.2.0.jar;C:\Users\Anderson\.m2\repository\org\junit\platform\junit-platform-commons\1.2.0\junit-platform-commons-1.2.0.jar;C:\Users\Anderson\.m2\repository\org\opentest4j\opentest4j\1.1.0\opentest4j-1.1.0.jar;C:\Users\Anderson\.m2\repository\org\junit\jupiter\junit-jupiter-api\5.2.0\junit-jupiter-api-5.2.0.jar;"/>
    <property name="java.vm.vendor" value="Oracle Corporation"/>
    <property name="sun.arch.data.model" value="64"/>
    <property name="user.variant" value=""/>
    <property name="java.vendor.url" value="https://java.oracle.com/"/>
    <property name="user.timezone" value="America/New_York"/>
    <property name="os.name" value="Windows 11"/>
    <property name="java.vm.specification.version" value="20"/>
    <property name="sun.java.launcher" value="SUN_STANDARD"/>
    <property name="user.country" value="US"/>
    <property name="sun.boot.library.path" value="C:\Program Files\Java\jdk-20.0.2\bin"/>
    <property name="sun.java.command" value="C:\Users\Anderson\AppData\Local\Temp\surefire5848667742820959802\surefirebooter-20231028183547463_3.jar C:\Users\Anderson\AppData\Local\Temp\surefire5848667742820959802 2023-10-28T18-35-47_023-jvmRun1 surefire-20231028183547463_1tmp surefire_0-20231028183547463_2tmp"/>
    <property name="jdk.debug" value="release"/>
    <property name="surefire.test.class.path" value="C:\Users\Anderson\Java Data Struct\Project4\p4\target\test-classes;C:\Users\Anderson\Java Data Struct\Project4\p4\target\classes;C:\Users\Anderson\.m2\repository\org\junit\jupiter\junit-jupiter-engine\5.2.0\junit-jupiter-engine-5.2.0.jar;C:\Users\Anderson\.m2\repository\org\apiguardian\apiguardian-api\1.0.0\apiguardian-api-1.0.0.jar;C:\Users\Anderson\.m2\repository\org\junit\platform\junit-platform-engine\1.2.0\junit-platform-engine-1.2.0.jar;C:\Users\Anderson\.m2\repository\org\junit\platform\junit-platform-commons\1.2.0\junit-platform-commons-1.2.0.jar;C:\Users\Anderson\.m2\repository\org\opentest4j\opentest4j\1.1.0\opentest4j-1.1.0.jar;C:\Users\Anderson\.m2\repository\org\junit\jupiter\junit-jupiter-api\5.2.0\junit-jupiter-api-5.2.0.jar;"/>
    <property name="sun.cpu.endian" value="little"/>
    <property name="user.home" value="C:\Users\Anderson"/>
    <property name="user.language" value="en"/>
    <property name="java.specification.vendor" value="Oracle Corporation"/>
    <property name="java.version.date" value="2023-07-18"/>
    <property name="java.home" value="C:\Program Files\Java\jdk-20.0.2"/>
    <property name="file.separator" value="\"/>
    <property name="basedir" value="C:\Users\Anderson\Java Data Struct\Project4\p4"/>
    <property name="java.vm.compressedOopsMode" value="Zero based"/>
    <property name="line.separator" value="&#10;"/>
    <property name="java.vm.specification.vendor" value="Oracle Corporation"/>
    <property name="java.specification.name" value="Java Platform API Specification"/>
    <property name="surefire.real.class.path" value="C:\Users\Anderson\AppData\Local\Temp\surefire5848667742820959802\surefirebooter-20231028183547463_3.jar"/>
    <property name="user.script" value=""/>
    <property name="sun.management.compiler" value="HotSpot 64-Bit Tiered Compilers"/>
    <property name="java.runtime.version" value="20.0.2+9-78"/>
    <property name="user.name" value="Anderson"/>
    <property name="stdout.encoding" value="Cp1252"/>
    <property name="path.separator" value=";"/>
    <property name="os.version" value="10.0"/>
    <property name="java.runtime.name" value="OpenJDK Runtime Environment"/>
    <property name="file.encoding" value="UTF-8"/>
    <property name="java.vm.name" value="OpenJDK 64-Bit Server VM"/>
    <property name="localRepository" value="C:\Users\Anderson\.m2\repository"/>
    <property name="java.vendor.url.bug" value="https://bugreport.java.com/bugreport/"/>
    <property name="java.io.tmpdir" value="C:\Users\Anderson\AppData\Local\Temp\"/>
    <property name="java.version" value="20.0.2"/>
    <property name="user.dir" value="C:\Users\Anderson\Java Data Struct\Project4\p4"/>
    <property name="os.arch" value="amd64"/>
    <property name="java.vm.specification.name" value="Java Virtual Machine Specification"/>
    <property name="sun.os.patch.level" value=""/>
    <property name="native.encoding" value="Cp1252"/>
    <property name="java.library.path" value="C:\Program Files\Java\jdk-20.0.2\bin;C:\WINDOWS\Sun\Java\bin;C:\WINDOWS\system32;C:\WINDOWS;C:\Program Files\PowerShell\7;C:\Program Files (x86)\VMware\VMware Player\bin\;C:\Python311\Scripts\;C:\Python311\;C:\Program Files\Oculus\Support\oculus-runtime;C:\Python39\Scripts\;C:\Python39\;C:\WINDOWS\system32;C:\WINDOWS;C:\WINDOWS\System32\Wbem;C:\WINDOWS\System32\WindowsPowerShell\v1.0\;C:\WINDOWS\System32\OpenSSH\;C:\ProgramData\chocolatey\bin;C:\Program Files\Git\cmd;C:\Program Files\PowerShell\7\;C:\Program Files\Intel\WiFi\bin\;C:\Program Files\Common Files\Intel\WirelessCommon\;C:\Program Files\dotnet\;C:\Program Files\Calibre2\;C:\Program Files\nodejs\;C:\WINDOWS\system32;C:\WINDOWS;C:\WINDOWS\System32\Wbem;C:\WINDOWS\System32\WindowsPowerShell\v1.0\;C:\WINDOWS\System32\OpenSSH\;C:\Program Files\Java\jdk-20.0.2\bin\;C:\Program Files\Java\apache-maven-3.9.5-bin\apache-maven-3.9.5\bin\;C:\Users\Anderson\AppData\Local\Microsoft\WindowsApps;C:\Users\Anderson\AppData\Local\Programs\Microsoft VS Code\bin;C:\Users\Anderson\AppData\Roaming\npm;."/>
    <property name="java.vm.info" value="mixed mode, sharing"/>
    <property name="stderr.encoding" value="Cp1252"/>
    <property name="java.vendor" value="Oracle Corporation"/>
    <property name="java.vm.version" value="20.0.2+9-78"/>
    <property name="sun.io.unicode.encoding" value="UnicodeLittle"/>
    <property name="java.class.version" value="64.0"/>
  </properties>
  <testcase name="Int_ArrayQueue_isEmpty_when_ArrayQueue_full" classname="project4.ArrayQueueTest" time="0.044"/>
  <testcase name="Int_ArrayQueue_isEmpty_after_enqueue_and_dequeue" classname="project4.ArrayQueueTest" time="0.002"/>
  <testcase name="Int_ArrayQueue_isEmpty_after_enqueue" classname="project4.ArrayQueueTest" time="0.002"/>
  <testcase name="Dequeue_throws_when_empty" classname="project4.ArrayQueueTest" time="0.004"/>
  <testcase name="Int_ArrayQueue_size_finds_size_when_empty" classname="project4.ArrayQueueTest" time="0.002"/>
  <testcase name="Int_ArrayQueue_enqueues" classname="project4.ArrayQueueTest" time="0.002"/>
  <testcase name="Int_ArrayQueue_resizes_properly_when_needed" classname="project4.ArrayQueueTest" time="0.001"/>
  <testcase name="Int_ArrayQueue" classname="project4.ArrayQueueTest" time="0.002"/>
  <testcase name="Int_ArrayQueue_front_returns_first_element_after_dequeue" classname="project4.ArrayQueueTest" time="0.002"/>
  <testcase name="Double_ArrayQueue" classname="project4.ArrayQueueTest" time="0.001"/>
  <testcase name="Int_ArrayQueue_isEmpty_on_empty_arrayQueue" classname="project4.ArrayQueueTest" time="0.001"/>
  <testcase name="Enqueue_throws_when_invalid_data_type" classname="project4.ArrayQueueTest" time="0.003"/>
  <testcase name="Int_ArrayQueue_size_finds_size_when_full" classname="project4.ArrayQueueTest" time="0.002"/>
  <testcase name="Int_ArrayQueue_resizes_when_scrambled" classname="project4.ArrayQueueTest" time="0.002"/>
  <testcase name="Int_ArrayQueue_size_finds_size" classname="project4.ArrayQueueTest" time="0.002"/>
  <testcase name="Front_throws_when_empty" classname="project4.ArrayQueueTest" time="0.002"/>
  <testcase name="Int_ArrayQueue_front_returns_first_element" classname="project4.ArrayQueueTest" time="0.001"/>
  <testcase name="Int_ArrayQueue_dequeues" classname="project4.ArrayQueueTest" time="0.001"/>
</testsuite>